# JRE version: OpenJDK Runtime Environment (11.0.9.1+1) (build 11.0.9.1+1-Ubuntu-0ubuntu1.18.04)
# Java VM: OpenJDK 64-Bit Server VM (11.0.9.1+1-Ubuntu-0ubuntu1.18.04, mixed mode, sharing, tiered, compressed oops, g1 gc, linux-amd64)
Heap:
 garbage-first heap   total 139264K, used 76068K [0x00000000a4a00000, 0x0000000100000000)
  region size 1024K, 40 young (40960K), 5 survivors (5120K)
 Metaspace       used 66785K, capacity 68629K, committed 68816K, reserved 1110016K
  class space    used 8588K, capacity 9310K, committed 9344K, reserved 1048576K
GC Heap History (20 events):
Event: 15,325 GC heap before
{Heap before GC invocations=14 (full 0):
 garbage-first heap   total 139264K, used 98393K [0x00000000a4a00000, 0x0000000100000000)
  region size 1024K, 81 young (82944K), 10 survivors (10240K)
 Metaspace       used 58141K, capacity 59773K, committed 60112K, reserved 1101824K
  class space    used 7621K, capacity 8225K, committed 8320K, reserved 1048576K
}
Event: 15,351 GC heap after
{Heap after GC invocations=15 (full 0):
 garbage-first heap   total 139264K, used 29311K [0x00000000a4a00000, 0x0000000100000000)
  region size 1024K, 4 young (4096K), 4 survivors (4096K)
 Metaspace       used 58141K, capacity 59773K, committed 60112K, reserved 1101824K
  class space    used 7621K, capacity 8225K, committed 8320K, reserved 1048576K
}
Event: 199,343 GC heap before
{Heap before GC invocations=15 (full 0):
 garbage-first heap   total 139264K, used 103039K [0x00000000a4a00000, 0x0000000100000000)
  region size 1024K, 76 young (77824K), 4 survivors (4096K)
 Metaspace       used 61907K, capacity 63622K, committed 63952K, reserved 1103872K
  class space    used 8093K, capacity 8780K, committed 8832K, reserved 1048576K
}
Event: 199,366 GC heap after
{Heap after GC invocations=16 (full 0):
 garbage-first heap   total 139264K, used 31791K [0x00000000a4a00000, 0x0000000100000000)
  region size 1024K, 7 young (7168K), 7 survivors (7168K)
 Metaspace       used 61907K, capacity 63622K, committed 63952K, reserved 1103872K
  class space    used 8093K, capacity 8780K, committed 8832K, reserved 1048576K
}
Event: 1566,533 GC heap before
{Heap before GC invocations=16 (full 0):
 garbage-first heap   total 139264K, used 105519K [0x00000000a4a00000, 0x0000000100000000)
  region size 1024K, 79 young (80896K), 7 survivors (7168K)
 Metaspace       used 61993K, capacity 63751K, committed 63952K, reserved 1103872K
  class space    used 8093K, capacity 8780K, committed 8832K, reserved 1048576K
}
Event: 1566,553 GC heap after
{Heap after GC invocations=17 (full 0):
 garbage-first heap   total 139264K, used 32354K [0x00000000a4a00000, 0x0000000100000000)
  region size 1024K, 4 young (4096K), 4 survivors (4096K)
 Metaspace       used 61993K, capacity 63751K, committed 63952K, reserved 1103872K
  class space    used 8093K, capacity 8780K, committed 8832K, reserved 1048576K
}
Event: 2501,087 GC heap before
{Heap before GC invocations=17 (full 0):
 garbage-first heap   total 139264K, used 107106K [0x00000000a4a00000, 0x0000000100000000)
  region size 1024K, 78 young (79872K), 4 survivors (4096K)
 Metaspace       used 62190K, capacity 63919K, committed 64208K, reserved 1105920K
  class space    used 8100K, capacity 8787K, committed 8832K, reserved 1048576K
}
Event: 2501,183 GC heap after
{Heap after GC invocations=18 (full 0):
 garbage-first heap   total 139264K, used 34754K [0x00000000a4a00000, 0x0000000100000000)
  region size 1024K, 7 young (7168K), 7 survivors (7168K)
 Metaspace       used 62190K, capacity 63919K, committed 64208K, reserved 1105920K
  class space    used 8100K, capacity 8787K, committed 8832K, reserved 1048576K
}
Event: 3574,383 GC heap before
{Heap before GC invocations=18 (full 0):
 garbage-first heap   total 139264K, used 107458K [0x00000000a4a00000, 0x0000000100000000)
  region size 1024K, 79 young (80896K), 7 survivors (7168K)
 Metaspace       used 62275K, capacity 64047K, committed 64208K, reserved 1105920K
  class space    used 8100K, capacity 8787K, committed 8832K, reserved 1048576K
}
Event: 3574,399 GC heap after
{Heap after GC invocations=19 (full 0):
 garbage-first heap   total 139264K, used 36799K [0x00000000a4a00000, 0x0000000100000000)
  region size 1024K, 6 young (6144K), 6 survivors (6144K)
 Metaspace       used 62275K, capacity 64047K, committed 64208K, reserved 1105920K
  class space    used 8100K, capacity 8787K, committed 8832K, reserved 1048576K
}
Event: 4749,963 GC heap before
{Heap before GC invocations=19 (full 0):
 garbage-first heap   total 139264K, used 109503K [0x00000000a4a00000, 0x0000000100000000)
  region size 1024K, 78 young (79872K), 6 survivors (6144K)
 Metaspace       used 62331K, capacity 64049K, committed 64208K, reserved 1105920K
  class space    used 8101K, capacity 8787K, committed 8832K, reserved 1048576K
}
Event: 4749,970 GC heap after
{Heap after GC invocations=20 (full 0):
 garbage-first heap   total 139264K, used 38207K [0x00000000a4a00000, 0x0000000100000000)
  region size 1024K, 7 young (7168K), 7 survivors (7168K)
 Metaspace       used 62331K, capacity 64049K, committed 64208K, reserved 1105920K
  class space    used 8101K, capacity 8787K, committed 8832K, reserved 1048576K
}
Event: 5651,527 GC heap before
{Heap before GC invocations=20 (full 0):
 garbage-first heap   total 139264K, used 111935K [0x00000000a4a00000, 0x0000000100000000)
  region size 1024K, 80 young (81920K), 7 survivors (7168K)
 Metaspace       used 62403K, capacity 64177K, committed 64464K, reserved 1105920K
  class space    used 8101K, capacity 8787K, committed 8832K, reserved 1048576K
}
Event: 5651,533 GC heap after
{Heap after GC invocations=21 (full 0):
 garbage-first heap   total 139264K, used 39128K [0x00000000a4a00000, 0x0000000100000000)
  region size 1024K, 7 young (7168K), 7 survivors (7168K)
 Metaspace       used 62403K, capacity 64177K, committed 64464K, reserved 1105920K
  class space    used 8101K, capacity 8787K, committed 8832K, reserved 1048576K
}
Event: 7010,246 GC heap before
{Heap before GC invocations=21 (full 0):
 garbage-first heap   total 139264K, used 111832K [0x00000000a4a00000, 0x0000000100000000)
  region size 1024K, 78 young (79872K), 7 survivors (7168K)
 Metaspace       used 62405K, capacity 64177K, committed 64464K, reserved 1105920K
  class space    used 8101K, capacity 8787K, committed 8832K, reserved 1048576K
}
Event: 7010,254 GC heap after
{Heap after GC invocations=22 (full 0):
 garbage-first heap   total 139264K, used 38973K [0x00000000a4a00000, 0x0000000100000000)
  region size 1024K, 5 young (5120K), 5 survivors (5120K)
 Metaspace       used 62405K, capacity 64177K, committed 64464K, reserved 1105920K
  class space    used 8101K, capacity 8787K, committed 8832K, reserved 1048576K
}
Event: 7570,341 GC heap before
{Heap before GC invocations=22 (full 0):
 garbage-first heap   total 139264K, used 112701K [0x00000000a4a00000, 0x0000000100000000)
  region size 1024K, 78 young (79872K), 5 survivors (5120K)
 Metaspace       used 66745K, capacity 68564K, committed 68816K, reserved 1110016K
  class space    used 8588K, capacity 9310K, committed 9344K, reserved 1048576K
}
Event: 7570,349 GC heap after
{Heap after GC invocations=23 (full 0):
 garbage-first heap   total 139264K, used 42163K [0x00000000a4a00000, 0x0000000100000000)
  region size 1024K, 8 young (8192K), 8 survivors (8192K)
 Metaspace       used 66745K, capacity 68564K, committed 68816K, reserved 1110016K
  class space    used 8588K, capacity 9310K, committed 9344K, reserved 1048576K
}
Event: 8842,021 GC heap before
{Heap before GC invocations=23 (full 0):
 garbage-first heap   total 139264K, used 111795K [0x00000000a4a00000, 0x0000000100000000)
  region size 1024K, 77 young (78848K), 8 survivors (8192K)
 Metaspace       used 66765K, capacity 68565K, committed 68816K, reserved 1110016K
  class space    used 8588K, capacity 9310K, committed 9344K, reserved 1048576K
}
Event: 8842,056 GC heap after
{Heap after GC invocations=24 (full 0):
 garbage-first heap   total 139264K, used 42276K [0x00000000a4a00000, 0x0000000100000000)
  region size 1024K, 5 young (5120K), 5 survivors (5120K)
 Metaspace       used 66765K, capacity 68565K, committed 68816K, reserved 1110016K
  class space    used 8588K, capacity 9310K, committed 9344K, reserved 1048576K
}

